{"contracts/Raffle.sol":{"l":{"57":3,"58":3,"59":3,"60":3,"61":3,"62":3,"63":3,"64":3,"68":4,"69":1,"72":3,"73":0,"76":3,"78":3,"87":1,"88":1,"89":1,"90":1,"91":1,"95":1,"97":1,"98":0,"101":1,"102":1,"109":1,"116":0,"117":0,"119":0,"120":0,"121":0,"122":0,"124":0,"126":0,"127":0,"130":0,"135":5,"139":1,"143":0,"147":1,"151":0,"155":0,"159":0,"163":0,"167":6},"path":"/home/antonio/projects/solidity/lottery/hardhat-smartcontract-lottery-fcc/contracts/Raffle.sol","s":{"1":4,"2":3,"3":3,"4":3,"5":1,"6":1,"7":1,"8":1,"9":1,"10":1,"11":1,"12":1,"13":0,"14":0,"15":0,"16":0,"17":0,"18":5,"19":1,"20":0,"21":1,"22":0,"23":0,"24":0,"25":0,"26":6},"b":{"1":[1,3],"2":[0,3],"3":[0,1],"4":[0,0]},"f":{"1":3,"2":4,"3":1,"4":1,"5":0,"6":5,"7":1,"8":0,"9":1,"10":0,"11":0,"12":0,"13":0,"14":6},"fnMap":{"1":{"name":"constructor","line":55,"loc":{"start":{"line":48,"column":4},"end":{"line":65,"column":4}}},"2":{"name":"enterRaffle","line":67,"loc":{"start":{"line":67,"column":4},"end":{"line":79,"column":4}}},"3":{"name":"checkUpkeep","line":86,"loc":{"start":{"line":86,"column":4},"end":{"line":92,"column":4}}},"4":{"name":"performUpkeep","line":94,"loc":{"start":{"line":94,"column":4},"end":{"line":110,"column":4}}},"5":{"name":"fulfillRandomWords","line":112,"loc":{"start":{"line":112,"column":4},"end":{"line":131,"column":4}}},"6":{"name":"getEntranceFee","line":134,"loc":{"start":{"line":134,"column":4},"end":{"line":136,"column":4}}},"7":{"name":"getPlayer","line":138,"loc":{"start":{"line":138,"column":4},"end":{"line":140,"column":4}}},"8":{"name":"getRecentWinner","line":142,"loc":{"start":{"line":142,"column":4},"end":{"line":144,"column":4}}},"9":{"name":"getRaffleState","line":146,"loc":{"start":{"line":146,"column":4},"end":{"line":148,"column":4}}},"10":{"name":"getNumWords","line":150,"loc":{"start":{"line":150,"column":4},"end":{"line":152,"column":4}}},"11":{"name":"getNumberOfPlayers","line":154,"loc":{"start":{"line":154,"column":4},"end":{"line":156,"column":4}}},"12":{"name":"getLatestTImeStamp","line":158,"loc":{"start":{"line":158,"column":4},"end":{"line":160,"column":4}}},"13":{"name":"getRequestConfirmations","line":162,"loc":{"start":{"line":162,"column":4},"end":{"line":164,"column":4}}},"14":{"name":"getInterval","line":166,"loc":{"start":{"line":166,"column":4},"end":{"line":168,"column":4}}}},"statementMap":{"1":{"start":{"line":68,"column":8},"end":{"line":68,"column":2150}},"2":{"start":{"line":72,"column":8},"end":{"line":72,"column":2252}},"3":{"start":{"line":76,"column":8},"end":{"line":76,"column":42}},"4":{"start":{"line":78,"column":8},"end":{"line":78,"column":36}},"5":{"start":{"line":87,"column":8},"end":{"line":87,"column":55}},"6":{"start":{"line":88,"column":8},"end":{"line":88,"column":76}},"7":{"start":{"line":89,"column":8},"end":{"line":89,"column":48}},"8":{"start":{"line":90,"column":8},"end":{"line":90,"column":51}},"9":{"start":{"line":95,"column":8},"end":{"line":95,"column":47}},"10":{"start":{"line":97,"column":8},"end":{"line":97,"column":3159}},"11":{"start":{"line":102,"column":8},"end":{"line":102,"column":3357}},"12":{"start":{"line":109,"column":8},"end":{"line":109,"column":45}},"13":{"start":{"line":116,"column":8},"end":{"line":116,"column":65}},"14":{"start":{"line":117,"column":8},"end":{"line":117,"column":63}},"15":{"start":{"line":124,"column":8},"end":{"line":124,"column":78}},"16":{"start":{"line":126,"column":8},"end":{"line":126,"column":4141}},"17":{"start":{"line":130,"column":8},"end":{"line":130,"column":39}},"18":{"start":{"line":135,"column":8},"end":{"line":135,"column":28}},"19":{"start":{"line":139,"column":8},"end":{"line":139,"column":31}},"20":{"start":{"line":143,"column":8},"end":{"line":143,"column":30}},"21":{"start":{"line":147,"column":8},"end":{"line":147,"column":28}},"22":{"start":{"line":151,"column":8},"end":{"line":151,"column":24}},"23":{"start":{"line":155,"column":8},"end":{"line":155,"column":31}},"24":{"start":{"line":159,"column":8},"end":{"line":159,"column":30}},"25":{"start":{"line":163,"column":8},"end":{"line":163,"column":36}},"26":{"start":{"line":167,"column":8},"end":{"line":167,"column":25}}},"branchMap":{"1":{"line":68,"type":"if","locations":[{"start":{"line":68,"column":8},"end":{"line":68,"column":8}},{"start":{"line":68,"column":8},"end":{"line":68,"column":8}}]},"2":{"line":72,"type":"if","locations":[{"start":{"line":72,"column":8},"end":{"line":72,"column":8}},{"start":{"line":72,"column":8},"end":{"line":72,"column":8}}]},"3":{"line":97,"type":"if","locations":[{"start":{"line":97,"column":8},"end":{"line":97,"column":8}},{"start":{"line":97,"column":8},"end":{"line":97,"column":8}}]},"4":{"line":126,"type":"if","locations":[{"start":{"line":126,"column":8},"end":{"line":126,"column":8}},{"start":{"line":126,"column":8},"end":{"line":126,"column":8}}]}}},"contracts/test/VRFCoordinatorV2Mock.sol":{"l":{},"path":"/home/antonio/projects/solidity/lottery/hardhat-smartcontract-lottery-fcc/contracts/test/VRFCoordinatorV2Mock.sol","s":{},"b":{},"f":{},"fnMap":{},"statementMap":{},"branchMap":{}}}