TN:
SF:/home/antonio/projects/solidity/lottery/hardhat-smartcontract-lottery-fcc/contracts/Raffle.sol
FN:55,constructor
FN:67,enterRaffle
FN:86,checkUpkeep
FN:94,performUpkeep
FN:112,fulfillRandomWords
FN:134,getEntranceFee
FN:138,getPlayer
FN:142,getRecentWinner
FN:146,getRaffleState
FN:150,getNumWords
FN:154,getNumberOfPlayers
FN:158,getLatestTImeStamp
FN:162,getRequestConfirmations
FN:166,getInterval
FNF:14
FNH:8
FNDA:3,constructor
FNDA:4,enterRaffle
FNDA:1,checkUpkeep
FNDA:1,performUpkeep
FNDA:0,fulfillRandomWords
FNDA:5,getEntranceFee
FNDA:1,getPlayer
FNDA:0,getRecentWinner
FNDA:1,getRaffleState
FNDA:0,getNumWords
FNDA:0,getNumberOfPlayers
FNDA:0,getLatestTImeStamp
FNDA:0,getRequestConfirmations
FNDA:6,getInterval
DA:57,3
DA:58,3
DA:59,3
DA:60,3
DA:61,3
DA:62,3
DA:63,3
DA:64,3
DA:68,4
DA:69,1
DA:72,3
DA:73,0
DA:76,3
DA:78,3
DA:87,1
DA:88,1
DA:89,1
DA:90,1
DA:91,1
DA:95,1
DA:97,1
DA:98,0
DA:101,1
DA:102,1
DA:109,1
DA:116,0
DA:117,0
DA:119,0
DA:120,0
DA:121,0
DA:122,0
DA:124,0
DA:126,0
DA:127,0
DA:130,0
DA:135,5
DA:139,1
DA:143,0
DA:147,1
DA:151,0
DA:155,0
DA:159,0
DA:163,0
DA:167,6
LF:44
LH:27
BRDA:68,1,0,1
BRDA:68,1,1,3
BRDA:72,2,0,0
BRDA:72,2,1,3
BRDA:97,3,0,0
BRDA:97,3,1,1
BRDA:126,4,0,0
BRDA:126,4,1,0
BRF:8
BRH:4
end_of_record
TN:
SF:/home/antonio/projects/solidity/lottery/hardhat-smartcontract-lottery-fcc/contracts/test/VRFCoordinatorV2Mock.sol
FNF:0
FNH:0
LF:0
LH:0
BRF:0
BRH:0
end_of_record
